<?xml version="1.0" encoding="UTF-8"?>
<!-- Generated by org.testng.reporters.JUnitReportReporter -->
<testsuite skipped="0" hostname="DESKTOP-1C5CVCM" name="TestNGExamples1.AllAnotationsExample1$AnnotationsExample2" tests="1" failures="0" timestamp="15 Jul 2023 16:21:48 GMT" time="0.006" errors="0">
  <testcase name="testcase3" time="0.006" classname="TestNGExamples1.AllAnotationsExample1$AnnotationsExample2"/>
</testsuite> <!-- TestNGExamples1.AllAnotationsExample1$AnnotationsExample2 -->
