<?xml version="1.0" encoding="UTF-8"?>
<!-- Generated by org.testng.reporters.JUnitReportReporter -->
<testsuite skipped="0" hostname="DESKTOP-1C5CVCM" name="TestNGExamples1.DependsExample1" tests="3" failures="0" timestamp="11 Jul 2023 15:41:40 GMT" time="0.015" errors="0">
  <testcase name="Transferfunds" time="0.002" classname="TestNGExamples1.DependsExample1"/>
  <testcase name="Login" time="0.010" classname="TestNGExamples1.DependsExample1"/>
  <testcase name="addbeneficiary" time="0.003" classname="TestNGExamples1.DependsExample1"/>
</testsuite> <!-- TestNGExamples1.DependsExample1 -->
