<?xml version="1.0" encoding="UTF-8"?>
<!-- Generated by org.testng.reporters.JUnitReportReporter -->
<testsuite skipped="0" hostname="DESKTOP-1C5CVCM" name="Seleniumexamples.DataProviderExample1" tests="7" failures="0" timestamp="11 Jul 2023 10:18:27 GMT" time="147.529" errors="0">
  <testcase name="testsearchCountry" time="15.009" classname="Seleniumexamples.DataProviderExample1"/>
  <testcase name="testsearchCountry" time="10.680" classname="Seleniumexamples.DataProviderExample1"/>
  <testcase name="testsearchCountry" time="45.378" classname="Seleniumexamples.DataProviderExample1"/>
  <testcase name="testsearchCountry" time="17.883" classname="Seleniumexamples.DataProviderExample1"/>
  <testcase name="testsearchCountry" time="34.684" classname="Seleniumexamples.DataProviderExample1"/>
  <testcase name="testsearchCountry" time="10.085" classname="Seleniumexamples.DataProviderExample1"/>
  <testcase name="testsearchCountry" time="13.810" classname="Seleniumexamples.DataProviderExample1"/>
</testsuite> <!-- Seleniumexamples.DataProviderExample1 -->
