<?xml version="1.0" encoding="UTF-8"?>
<!-- Generated by org.testng.reporters.JUnitReportReporter -->
<testsuite skipped="0" hostname="DESKTOP-1C5CVCM" name="Seleniumexamples.OrangaHRM_Login" tests="1" failures="0" timestamp="11 Jul 2023 15:41:40 GMT" time="70.895" errors="0">
  <testcase name="OrangaHTM" time="70.895" classname="Seleniumexamples.OrangaHRM_Login"/>
</testsuite> <!-- Seleniumexamples.OrangaHRM_Login -->
