<?xml version="1.0" encoding="UTF-8"?>
<!-- Generated by org.testng.reporters.JUnitReportReporter -->
<testsuite skipped="0" hostname="DESKTOP-1C5CVCM" name="TestNGExamples1.PrioritiesExample1" tests="3" failures="0" timestamp="17 Jun 2023 14:58:32 GMT" time="0.031" errors="0">
  <testcase name="Login" time="0.031" classname="TestNGExamples1.PrioritiesExample1"/>
  <testcase name="Addbeneficiary" time="0.000" classname="TestNGExamples1.PrioritiesExample1"/>
  <testcase name="transferfunds" time="0.000" classname="TestNGExamples1.PrioritiesExample1"/>
</testsuite> <!-- TestNGExamples1.PrioritiesExample1 -->
