<?xml version="1.0" encoding="UTF-8"?>
<!-- Generated by org.testng.reporters.JUnitReportReporter -->
<testsuite skipped="1" hostname="DESKTOP-1C5CVCM" name="TestNGExamples1.EnableExample1" tests="2" failures="0" timestamp="20 Jun 2023 04:09:40 GMT" time="0.026" errors="0">
  <testcase name="case1" time="0.026" classname="TestNGExamples1.EnableExample1"/>
  <testcase name="case2" classname="TestNGExamples1.EnableExample1">
    <skipped/>
  </testcase> <!-- case2 -->
</testsuite> <!-- TestNGExamples1.EnableExample1 -->
