<?xml version="1.0" encoding="UTF-8"?>
<!-- Generated by org.testng.reporters.JUnitReportReporter -->
<testsuite skipped="0" hostname="DESKTOP-1C5CVCM" name="TestNGExamples1.HrmwithTestNG" tests="1" failures="0" timestamp="17 Jun 2023 16:05:41 GMT" time="27.953" errors="0">
  <testcase name="Hrmlogin" time="27.953" classname="TestNGExamples1.HrmwithTestNG"/>
</testsuite> <!-- TestNGExamples1.HrmwithTestNG -->
