<?xml version="1.0" encoding="UTF-8"?>
<!-- Generated by org.testng.reporters.JUnitReportReporter -->
<testsuite skipped="0" hostname="DESKTOP-1C5CVCM" name="Seleniumexamples.AlertExample2" tests="1" failures="0" timestamp="11 Jul 2023 15:41:40 GMT" time="22.390" errors="0">
  <testcase name="Alertmethod" time="22.390" classname="Seleniumexamples.AlertExample2"/>
</testsuite> <!-- Seleniumexamples.AlertExample2 -->
