<?xml version="1.0" encoding="UTF-8"?>
<!-- Generated by org.testng.reporters.JUnitReportReporter -->
<testsuite skipped="0" hostname="DESKTOP-1C5CVCM" name="Seleniumexamples.AlertExample" tests="1" failures="0" timestamp="12 Jul 2023 09:28:56 GMT" time="42.081" errors="0">
  <testcase name="Alertexample" time="42.081" classname="Seleniumexamples.AlertExample"/>
</testsuite> <!-- Seleniumexamples.AlertExample -->
