<?xml version="1.0" encoding="UTF-8"?>
<!-- Generated by org.testng.reporters.JUnitReportReporter -->
<testsuite skipped="0" hostname="DESKTOP-1C5CVCM" name="TestNGExamples1.AllAnotationsExample1" tests="2" failures="0" timestamp="15 Jul 2023 16:27:10 GMT" time="0.025" errors="0">
  <testcase name="testCase1" time="0.012" classname="TestNGExamples1.AllAnotationsExample1"/>
  <testcase name="testCase2" time="0.013" classname="TestNGExamples1.AllAnotationsExample1"/>
</testsuite> <!-- TestNGExamples1.AllAnotationsExample1 -->
