<?xml version="1.0" encoding="UTF-8"?>
<!-- Generated by org.testng.reporters.JUnitReportReporter -->
<testsuite skipped="0" hostname="DESKTOP-1C5CVCM" name="newtestNGpackage.BasictestNG" tests="1" failures="0" timestamp="17 Jun 2023 13:18:04 GMT" time="0.040" errors="0">
  <testcase name="testcase1" time="0.040" classname="newtestNGpackage.BasictestNG"/>
</testsuite> <!-- newtestNGpackage.BasictestNG -->
